---Dinero IV cache simulator, version 7
---Written by Jan Edler and Mark D. Hill
---Copyright (C) 1997 NEC Research Institute, Inc. and Mark D. Hill.
---All rights reserved.
---Copyright (C) 1985, 1989 Mark D. Hill.  All rights reserved.
---See -copyright option for details

---Summary of options (-help option gives usage information).

-l1-usize 4096
-l1-ubsize 32
-l1-usbsize 32
-l1-uassoc 1
-l1-urepl l
-l1-ufetch m
-l1-upfdist 1
-l1-uwalloc a
-l1-uwback a
-skipcount 0
-flushcount 0
-maxcount 0
-stat-interval 0
-informat d
-on-trigger 0x0
-off-trigger 0x0

---Simulation begins.
---Simulation complete.
l1-ucache
 Metrics		      Total	      Instrn	       Data	       Read	      Write	       Misc
 -----------------	      ------	      ------	      ------	      ------	      ------	      ------
 Demand Fetches		     1000001	      782764	      217237	      150699	       66538	           0
  Fraction of total	      1.0000	      0.7828	      0.2172	      0.1507	      0.0665	      0.0000
 Prefetch Fetches	       50753	       26847	       23906	       23906	           0	           0
  Fraction		      1.0000	      0.5290	      0.4710	      0.4710	      0.0000	      0.0000
 Total Fetches		     1050754	      809611	      241143	      174605	       66538	           0
  Fraction		      1.0000	      0.7705	      0.2295	      0.1662	      0.0633	      0.0000

 Demand Misses		       60230	       26847	       33383	       23906	        9477	           0
  Demand miss rate	      0.0602	      0.0343	      0.1537	      0.1586	      0.1424	      0.0000
 Prefetch Misses	       44104	       23985	       20119	       20119	           0	           0
  PF miss rate		      0.8690	      0.8934	      0.8416	      0.8416	      0.0000	      0.0000
 Total Misses		      104334	       50832	       53502	       44025	        9477	           0
  Total miss rate	      0.0993	      0.0628	      0.2219	      0.2521	      0.1424	      0.0000

 Multi-block refs                 0
 Bytes From Memory	     3338688
 ( / Demand Fetches)	      3.3387
 Bytes To Memory	      560544
 ( / Demand Writes)	      8.4244
 Total Bytes r/w Mem	     3899232
 ( / Demand Fetches)	      3.8992

---Execution complete.
