---Dinero IV cache simulator, version 7
---Written by Jan Edler and Mark D. Hill
---Copyright (C) 1997 NEC Research Institute, Inc. and Mark D. Hill.
---All rights reserved.
---Copyright (C) 1985, 1989 Mark D. Hill.  All rights reserved.
---See -copyright option for details

---Summary of options (-help option gives usage information).

-l1-usize 262144
-l1-ubsize 32
-l1-usbsize 32
-l1-uassoc 1
-l1-urepl l
-l1-ufetch m
-l1-upfdist 1
-l1-uwalloc a
-l1-uwback a
-skipcount 0
-flushcount 0
-maxcount 0
-stat-interval 0
-informat d
-on-trigger 0x0
-off-trigger 0x0

---Simulation begins.
---Simulation complete.
l1-ucache
 Metrics		      Total	      Instrn	       Data	       Read	      Write	       Misc
 -----------------	      ------	      ------	      ------	      ------	      ------	      ------
 Demand Fetches		     1000001	      782764	      217237	      150699	       66538	           0
  Fraction of total	      1.0000	      0.7828	      0.2172	      0.1507	      0.0665	      0.0000
 Prefetch Fetches	        1792	        1225	         567	         567	           0	           0
  Fraction		      1.0000	      0.6836	      0.3164	      0.3164	      0.0000	      0.0000
 Total Fetches		     1001793	      783989	      217804	      151266	       66538	           0
  Fraction		      1.0000	      0.7826	      0.2174	      0.1510	      0.0664	      0.0000

 Demand Misses		        2268	        1225	        1043	         567	         476	           0
  Demand miss rate	      0.0023	      0.0016	      0.0048	      0.0038	      0.0072	      0.0000
 Prefetch Misses	        1398	         934	         464	         464	           0	           0
  PF miss rate		      0.7801	      0.7624	      0.8183	      0.8183	      0.0000	      0.0000
 Total Misses		        3666	        2159	        1507	        1031	         476	           0
  Total miss rate	      0.0037	      0.0028	      0.0069	      0.0068	      0.0072	      0.0000

 Multi-block refs                 0
 Bytes From Memory	      117312
 ( / Demand Fetches)	      0.1173
 Bytes To Memory	       22464
 ( / Demand Writes)	      0.3376
 Total Bytes r/w Mem	      139776
 ( / Demand Fetches)	      0.1398

---Execution complete.
