---Dinero IV cache simulator, version 7
---Written by Jan Edler and Mark D. Hill
---Copyright (C) 1997 NEC Research Institute, Inc. and Mark D. Hill.
---All rights reserved.
---Copyright (C) 1985, 1989 Mark D. Hill.  All rights reserved.
---See -copyright option for details

---Summary of options (-help option gives usage information).

-l1-usize 32768
-l1-ubsize 32
-l1-usbsize 32
-l1-uassoc 1
-l1-urepl l
-l1-ufetch m
-l1-upfdist 1
-l1-uwalloc a
-l1-uwback a
-skipcount 0
-flushcount 0
-maxcount 0
-stat-interval 0
-informat d
-on-trigger 0x0
-off-trigger 0x0

---Simulation begins.
---Simulation complete.
l1-ucache
 Metrics		      Total	      Instrn	       Data	       Read	      Write	       Misc
 -----------------	      ------	      ------	      ------	      ------	      ------	      ------
 Demand Fetches		     1000001	      782764	      217237	      150699	       66538	           0
  Fraction of total	      1.0000	      0.7828	      0.2172	      0.1507	      0.0665	      0.0000
 Prefetch Fetches	        7566	        4864	        2702	        2702	           0	           0
  Fraction		      1.0000	      0.6429	      0.3571	      0.3571	      0.0000	      0.0000
 Total Fetches		     1007567	      787628	      219939	      153401	       66538	           0
  Fraction		      1.0000	      0.7817	      0.2183	      0.1522	      0.0660	      0.0000

 Demand Misses		        8304	        4864	        3440	        2702	         738	           0
  Demand miss rate	      0.0083	      0.0062	      0.0158	      0.0179	      0.0111	      0.0000
 Prefetch Misses	        5904	        3783	        2121	        2121	           0	           0
  PF miss rate		      0.7803	      0.7778	      0.7850	      0.7850	      0.0000	      0.0000
 Total Misses		       14208	        8647	        5561	        4823	         738	           0
  Total miss rate	      0.0141	      0.0110	      0.0253	      0.0314	      0.0111	      0.0000

 Multi-block refs                 0
 Bytes From Memory	      454656
 ( / Demand Fetches)	      0.4547
 Bytes To Memory	       33952
 ( / Demand Writes)	      0.5103
 Total Bytes r/w Mem	      488608
 ( / Demand Fetches)	      0.4886

---Execution complete.
