---Dinero IV cache simulator, version 7
---Written by Jan Edler and Mark D. Hill
---Copyright (C) 1997 NEC Research Institute, Inc. and Mark D. Hill.
---All rights reserved.
---Copyright (C) 1985, 1989 Mark D. Hill.  All rights reserved.
---See -copyright option for details

---Summary of options (-help option gives usage information).

-l1-usize 131072
-l1-ubsize 32
-l1-usbsize 32
-l1-uassoc 1
-l1-urepl l
-l1-ufetch m
-l1-upfdist 1
-l1-uwalloc a
-l1-uwback a
-skipcount 0
-flushcount 0
-maxcount 0
-stat-interval 0
-informat d
-on-trigger 0x0
-off-trigger 0x0

---Simulation begins.
---Simulation complete.
l1-ucache
 Metrics		      Total	      Instrn	       Data	       Read	      Write	       Misc
 -----------------	      ------	      ------	      ------	      ------	      ------	      ------
 Demand Fetches		     1000001	      782764	      217237	      150699	       66538	           0
  Fraction of total	      1.0000	      0.7828	      0.2172	      0.1507	      0.0665	      0.0000
 Prefetch Fetches	        1892	        1276	         616	         616	           0	           0
  Fraction		      1.0000	      0.6744	      0.3256	      0.3256	      0.0000	      0.0000
 Total Fetches		     1001893	      784040	      217853	      151315	       66538	           0
  Fraction		      1.0000	      0.7826	      0.2174	      0.1510	      0.0664	      0.0000

 Demand Misses		        2373	        1276	        1097	         616	         481	           0
  Demand miss rate	      0.0024	      0.0016	      0.0050	      0.0041	      0.0072	      0.0000
 Prefetch Misses	        1494	         984	         510	         510	           0	           0
  PF miss rate		      0.7896	      0.7712	      0.8279	      0.8279	      0.0000	      0.0000
 Total Misses		        3867	        2260	        1607	        1126	         481	           0
  Total miss rate	      0.0039	      0.0029	      0.0074	      0.0074	      0.0072	      0.0000

 Multi-block refs                 0
 Bytes From Memory	      123744
 ( / Demand Fetches)	      0.1237
 Bytes To Memory	       22784
 ( / Demand Writes)	      0.3424
 Total Bytes r/w Mem	      146528
 ( / Demand Fetches)	      0.1465

---Execution complete.
