---Dinero IV cache simulator, version 7
---Written by Jan Edler and Mark D. Hill
---Copyright (C) 1997 NEC Research Institute, Inc. and Mark D. Hill.
---All rights reserved.
---Copyright (C) 1985, 1989 Mark D. Hill.  All rights reserved.
---See -copyright option for details

---Summary of options (-help option gives usage information).

-l1-usize 65536
-l1-ubsize 32
-l1-usbsize 32
-l1-uassoc 1
-l1-urepl l
-l1-ufetch m
-l1-upfdist 1
-l1-uwalloc a
-l1-uwback a
-skipcount 0
-flushcount 0
-maxcount 0
-stat-interval 0
-informat d
-on-trigger 0x0
-off-trigger 0x0

---Simulation begins.
---Simulation complete.
l1-ucache
 Metrics		      Total	      Instrn	       Data	       Read	      Write	       Misc
 -----------------	      ------	      ------	      ------	      ------	      ------	      ------
 Demand Fetches		     1000001	      782764	      217237	      150699	       66538	           0
  Fraction of total	      1.0000	      0.7828	      0.2172	      0.1507	      0.0665	      0.0000
 Prefetch Fetches	        2543	        1639	         904	         904	           0	           0
  Fraction		      1.0000	      0.6445	      0.3555	      0.3555	      0.0000	      0.0000
 Total Fetches		     1002544	      784403	      218141	      151603	       66538	           0
  Fraction		      1.0000	      0.7824	      0.2176	      0.1512	      0.0664	      0.0000

 Demand Misses		        3114	        1639	        1475	         904	         571	           0
  Demand miss rate	      0.0031	      0.0021	      0.0068	      0.0060	      0.0086	      0.0000
 Prefetch Misses	        2067	        1288	         779	         779	           0	           0
  PF miss rate		      0.8128	      0.7858	      0.8617	      0.8617	      0.0000	      0.0000
 Total Misses		        5181	        2927	        2254	        1683	         571	           0
  Total miss rate	      0.0052	      0.0037	      0.0103	      0.0111	      0.0086	      0.0000

 Multi-block refs                 0
 Bytes From Memory	      165792
 ( / Demand Fetches)	      0.1658
 Bytes To Memory	       26816
 ( / Demand Writes)	      0.4030
 Total Bytes r/w Mem	      192608
 ( / Demand Fetches)	      0.1926

---Execution complete.
