---Dinero IV cache simulator, version 7
---Written by Jan Edler and Mark D. Hill
---Copyright (C) 1997 NEC Research Institute, Inc. and Mark D. Hill.
---All rights reserved.
---Copyright (C) 1985, 1989 Mark D. Hill.  All rights reserved.
---See -copyright option for details

---Summary of options (-help option gives usage information).

-l1-usize 16384
-l1-ubsize 32
-l1-usbsize 32
-l1-uassoc 1
-l1-urepl l
-l1-ufetch m
-l1-upfdist 1
-l1-uwalloc a
-l1-uwback a
-skipcount 0
-flushcount 0
-maxcount 0
-stat-interval 0
-informat d
-on-trigger 0x0
-off-trigger 0x0

---Simulation begins.
---Simulation complete.
l1-ucache
 Metrics		      Total	      Instrn	       Data	       Read	      Write	       Misc
 -----------------	      ------	      ------	      ------	      ------	      ------	      ------
 Demand Fetches		      832477	      597309	      235168	      130655	      104513	           0
  Fraction of total	      1.0000	      0.7175	      0.2825	      0.1569	      0.1255	      0.0000
 Prefetch Fetches	        1656	         736	         920	         920	           0	           0
  Fraction		      1.0000	      0.4444	      0.5556	      0.5556	      0.0000	      0.0000
 Total Fetches		      834133	      598045	      236088	      131575	      104513	           0
  Fraction		      1.0000	      0.7170	      0.2830	      0.1577	      0.1253	      0.0000

 Demand Misses		        3028	         736	        2292	         920	        1372	           0
  Demand miss rate	      0.0036	      0.0012	      0.0097	      0.0070	      0.0131	      0.0000
 Prefetch Misses	        1141	         373	         768	         768	           0	           0
  PF miss rate		      0.6890	      0.5068	      0.8348	      0.8348	      0.0000	      0.0000
 Total Misses		        4169	        1109	        3060	        1688	        1372	           0
  Total miss rate	      0.0050	      0.0019	      0.0130	      0.0128	      0.0131	      0.0000

 Multi-block refs                 0
 Bytes From Memory	      133408
 ( / Demand Fetches)	      0.1603
 Bytes To Memory	       46688
 ( / Demand Writes)	      0.4467
 Total Bytes r/w Mem	      180096
 ( / Demand Fetches)	      0.2163

---Execution complete.
