---Dinero IV cache simulator, version 7
---Written by Jan Edler and Mark D. Hill
---Copyright (C) 1997 NEC Research Institute, Inc. and Mark D. Hill.
---All rights reserved.
---Copyright (C) 1985, 1989 Mark D. Hill.  All rights reserved.
---See -copyright option for details

---Summary of options (-help option gives usage information).

-l1-usize 65536
-l1-ubsize 32
-l1-usbsize 32
-l1-uassoc 1
-l1-urepl l
-l1-ufetch m
-l1-upfdist 1
-l1-uwalloc a
-l1-uwback a
-skipcount 0
-flushcount 0
-maxcount 0
-stat-interval 0
-informat d
-on-trigger 0x0
-off-trigger 0x0

---Simulation begins.
---Simulation complete.
l1-ucache
 Metrics		      Total	      Instrn	       Data	       Read	      Write	       Misc
 -----------------	      ------	      ------	      ------	      ------	      ------	      ------
 Demand Fetches		      832477	      597309	      235168	      130655	      104513	           0
  Fraction of total	      1.0000	      0.7175	      0.2825	      0.1569	      0.1255	      0.0000
 Prefetch Fetches	         312	         114	         198	         198	           0	           0
  Fraction		      1.0000	      0.3654	      0.6346	      0.6346	      0.0000	      0.0000
 Total Fetches		      832789	      597423	      235366	      130853	      104513	           0
  Fraction		      1.0000	      0.7174	      0.2826	      0.1571	      0.1255	      0.0000

 Demand Misses		        1377	         114	        1263	         198	        1065	           0
  Demand miss rate	      0.0017	      0.0002	      0.0054	      0.0015	      0.0102	      0.0000
 Prefetch Misses	         175	          24	         151	         151	           0	           0
  PF miss rate		      0.5609	      0.2105	      0.7626	      0.7626	      0.0000	      0.0000
 Total Misses		        1552	         138	        1414	         349	        1065	           0
  Total miss rate	      0.0019	      0.0002	      0.0060	      0.0027	      0.0102	      0.0000

 Multi-block refs                 0
 Bytes From Memory	       49664
 ( / Demand Fetches)	      0.0597
 Bytes To Memory	       34624
 ( / Demand Writes)	      0.3313
 Total Bytes r/w Mem	       84288
 ( / Demand Fetches)	      0.1012

---Execution complete.
