---Dinero IV cache simulator, version 7
---Written by Jan Edler and Mark D. Hill
---Copyright (C) 1997 NEC Research Institute, Inc. and Mark D. Hill.
---All rights reserved.
---Copyright (C) 1985, 1989 Mark D. Hill.  All rights reserved.
---See -copyright option for details

---Summary of options (-help option gives usage information).

-l1-usize 16384
-l1-ubsize 32
-l1-usbsize 32
-l1-uassoc 1
-l1-urepl l
-l1-ufetch m
-l1-upfdist 1
-l1-uwalloc a
-l1-uwback a
-skipcount 0
-flushcount 0
-maxcount 0
-stat-interval 0
-informat d
-on-trigger 0x0
-off-trigger 0x0

---Simulation begins.
---Simulation complete.
l1-ucache
 Metrics		      Total	      Instrn	       Data	       Read	      Write	       Misc
 -----------------	      ------	      ------	      ------	      ------	      ------	      ------
 Demand Fetches		     1000001	      782764	      217237	      150699	       66538	           0
  Fraction of total	      1.0000	      0.7828	      0.2172	      0.1507	      0.0665	      0.0000
 Prefetch Fetches	       17709	        9870	        7839	        7839	           0	           0
  Fraction		      1.0000	      0.5573	      0.4427	      0.4427	      0.0000	      0.0000
 Total Fetches		     1017710	      792634	      225076	      158538	       66538	           0
  Fraction		      1.0000	      0.7788	      0.2212	      0.1558	      0.0654	      0.0000

 Demand Misses		       20561	        9870	       10691	        7839	        2852	           0
  Demand miss rate	      0.0206	      0.0126	      0.0492	      0.0520	      0.0429	      0.0000
 Prefetch Misses	       13702	        7940	        5762	        5762	           0	           0
  PF miss rate		      0.7737	      0.8045	      0.7350	      0.7350	      0.0000	      0.0000
 Total Misses		       34263	       17810	       16453	       13601	        2852	           0
  Total miss rate	      0.0337	      0.0225	      0.0731	      0.0858	      0.0429	      0.0000

 Multi-block refs                 0
 Bytes From Memory	     1096416
 ( / Demand Fetches)	      1.0964
 Bytes To Memory	      132320
 ( / Demand Writes)	      1.9886
 Total Bytes r/w Mem	     1228736
 ( / Demand Fetches)	      1.2287

---Execution complete.
