---Dinero IV cache simulator, version 7
---Written by Jan Edler and Mark D. Hill
---Copyright (C) 1997 NEC Research Institute, Inc. and Mark D. Hill.
---All rights reserved.
---Copyright (C) 1985, 1989 Mark D. Hill.  All rights reserved.
---See -copyright option for details

---Summary of options (-help option gives usage information).

-l1-usize 1048576
-l1-ubsize 32
-l1-usbsize 32
-l1-uassoc 1
-l1-urepl l
-l1-ufetch m
-l1-upfdist 1
-l1-uwalloc a
-l1-uwback a
-skipcount 0
-flushcount 0
-maxcount 0
-stat-interval 0
-informat d
-on-trigger 0x0
-off-trigger 0x0

---Simulation begins.
---Simulation complete.
l1-ucache
 Metrics		      Total	      Instrn	       Data	       Read	      Write	       Misc
 -----------------	      ------	      ------	      ------	      ------	      ------	      ------
 Demand Fetches		     1000001	      782764	      217237	      150699	       66538	           0
  Fraction of total	      1.0000	      0.7828	      0.2172	      0.1507	      0.0665	      0.0000
 Prefetch Fetches	        1249	         897	         352	         352	           0	           0
  Fraction		      1.0000	      0.7182	      0.2818	      0.2818	      0.0000	      0.0000
 Total Fetches		     1001250	      783661	      217589	      151051	       66538	           0
  Fraction		      1.0000	      0.7827	      0.2173	      0.1509	      0.0665	      0.0000

 Demand Misses		        1619	         897	         722	         352	         370	           0
  Demand miss rate	      0.0016	      0.0011	      0.0033	      0.0023	      0.0056	      0.0000
 Prefetch Misses	        1023	         728	         295	         295	           0	           0
  PF miss rate		      0.8191	      0.8116	      0.8381	      0.8381	      0.0000	      0.0000
 Total Misses		        2642	        1625	        1017	         647	         370	           0
  Total miss rate	      0.0026	      0.0021	      0.0047	      0.0043	      0.0056	      0.0000

 Multi-block refs                 0
 Bytes From Memory	       84544
 ( / Demand Fetches)	      0.0845
 Bytes To Memory	       16320
 ( / Demand Writes)	      0.2453
 Total Bytes r/w Mem	      100864
 ( / Demand Fetches)	      0.1009

---Execution complete.
