---Dinero IV cache simulator, version 7
---Written by Jan Edler and Mark D. Hill
---Copyright (C) 1997 NEC Research Institute, Inc. and Mark D. Hill.
---All rights reserved.
---Copyright (C) 1985, 1989 Mark D. Hill.  All rights reserved.
---See -copyright option for details

---Summary of options (-help option gives usage information).

-l1-usize 16384
-l1-ubsize 32
-l1-usbsize 32
-l1-uassoc 1
-l1-urepl l
-l1-ufetch m
-l1-upfdist 1
-l1-uwalloc a
-l1-uwback a
-skipcount 0
-flushcount 0
-maxcount 0
-stat-interval 0
-informat d
-on-trigger 0x0
-off-trigger 0x0

---Simulation begins.
---Simulation complete.
l1-ucache
 Metrics		      Total	      Instrn	       Data	       Read	      Write	       Misc
 -----------------	      ------	      ------	      ------	      ------	      ------	      ------
 Demand Fetches		     1000002	      757341	      242661	      159631	       83030	           0
  Fraction of total	      1.0000	      0.7573	      0.2427	      0.1596	      0.0830	      0.0000
 Prefetch Fetches	       32791	       21223	       11568	       11568	           0	           0
  Fraction		      1.0000	      0.6472	      0.3528	      0.3528	      0.0000	      0.0000
 Total Fetches		     1032793	      778564	      254229	      171199	       83030	           0
  Fraction		      1.0000	      0.7538	      0.2462	      0.1658	      0.0804	      0.0000

 Demand Misses		       37638	       21223	       16415	       11568	        4847	           0
  Demand miss rate	      0.0376	      0.0280	      0.0676	      0.0725	      0.0584	      0.0000
 Prefetch Misses	       27389	       18424	        8965	        8965	           0	           0
  PF miss rate		      0.8353	      0.8681	      0.7750	      0.7750	      0.0000	      0.0000
 Total Misses		       65027	       39647	       25380	       20533	        4847	           0
  Total miss rate	      0.0630	      0.0509	      0.0998	      0.1199	      0.0584	      0.0000

 Multi-block refs                 0
 Bytes From Memory	     2080864
 ( / Demand Fetches)	      2.0809
 Bytes To Memory	      225312
 ( / Demand Writes)	      2.7136
 Total Bytes r/w Mem	     2306176
 ( / Demand Fetches)	      2.3062

---Execution complete.
