---Dinero IV cache simulator, version 7
---Written by Jan Edler and Mark D. Hill
---Copyright (C) 1997 NEC Research Institute, Inc. and Mark D. Hill.
---All rights reserved.
---Copyright (C) 1985, 1989 Mark D. Hill.  All rights reserved.
---See -copyright option for details

---Summary of options (-help option gives usage information).

-l1-usize 1048576
-l1-ubsize 32
-l1-usbsize 32
-l1-uassoc 1
-l1-urepl l
-l1-ufetch m
-l1-upfdist 1
-l1-uwalloc a
-l1-uwback a
-skipcount 0
-flushcount 0
-maxcount 0
-stat-interval 0
-informat d
-on-trigger 0x0
-off-trigger 0x0

---Simulation begins.
---Simulation complete.
l1-ucache
 Metrics		      Total	      Instrn	       Data	       Read	      Write	       Misc
 -----------------	      ------	      ------	      ------	      ------	      ------	      ------
 Demand Fetches		     1000002	      757341	      242661	      159631	       83030	           0
  Fraction of total	      1.0000	      0.7573	      0.2427	      0.1596	      0.0830	      0.0000
 Prefetch Fetches	        4705	        3488	        1217	        1217	           0	           0
  Fraction		      1.0000	      0.7413	      0.2587	      0.2587	      0.0000	      0.0000
 Total Fetches		     1004707	      760829	      243878	      160848	       83030	           0
  Fraction		      1.0000	      0.7573	      0.2427	      0.1601	      0.0826	      0.0000

 Demand Misses		        5700	        3488	        2212	        1217	         995	           0
  Demand miss rate	      0.0057	      0.0046	      0.0091	      0.0076	      0.0120	      0.0000
 Prefetch Misses	        4018	        3150	         868	         868	           0	           0
  PF miss rate		      0.8540	      0.9031	      0.7132	      0.7132	      0.0000	      0.0000
 Total Misses		        9718	        6638	        3080	        2085	         995	           0
  Total miss rate	      0.0097	      0.0087	      0.0126	      0.0130	      0.0120	      0.0000

 Multi-block refs                 0
 Bytes From Memory	      310976
 ( / Demand Fetches)	      0.3110
 Bytes To Memory	       38944
 ( / Demand Writes)	      0.4690
 Total Bytes r/w Mem	      349920
 ( / Demand Fetches)	      0.3499

---Execution complete.
