---Dinero IV cache simulator, version 7
---Written by Jan Edler and Mark D. Hill
---Copyright (C) 1997 NEC Research Institute, Inc. and Mark D. Hill.
---All rights reserved.
---Copyright (C) 1985, 1989 Mark D. Hill.  All rights reserved.
---See -copyright option for details

---Summary of options (-help option gives usage information).

-l1-usize 131072
-l1-ubsize 32
-l1-usbsize 32
-l1-uassoc 1
-l1-urepl l
-l1-ufetch m
-l1-upfdist 1
-l1-uwalloc a
-l1-uwback a
-skipcount 0
-flushcount 0
-maxcount 0
-stat-interval 0
-informat d
-on-trigger 0x0
-off-trigger 0x0

---Simulation begins.
---Simulation complete.
l1-ucache
 Metrics		      Total	      Instrn	       Data	       Read	      Write	       Misc
 -----------------	      ------	      ------	      ------	      ------	      ------	      ------
 Demand Fetches		     1000002	      757341	      242661	      159631	       83030	           0
  Fraction of total	      1.0000	      0.7573	      0.2427	      0.1596	      0.0830	      0.0000
 Prefetch Fetches	        7848	        5479	        2369	        2369	           0	           0
  Fraction		      1.0000	      0.6981	      0.3019	      0.3019	      0.0000	      0.0000
 Total Fetches		     1007850	      762820	      245030	      162000	       83030	           0
  Fraction		      1.0000	      0.7569	      0.2431	      0.1607	      0.0824	      0.0000

 Demand Misses		        9089	        5479	        3610	        2369	        1241	           0
  Demand miss rate	      0.0091	      0.0072	      0.0149	      0.0148	      0.0149	      0.0000
 Prefetch Misses	        6582	        4847	        1735	        1735	           0	           0
  PF miss rate		      0.8387	      0.8847	      0.7324	      0.7324	      0.0000	      0.0000
 Total Misses		       15671	       10326	        5345	        4104	        1241	           0
  Total miss rate	      0.0155	      0.0135	      0.0218	      0.0253	      0.0149	      0.0000

 Multi-block refs                 0
 Bytes From Memory	      501472
 ( / Demand Fetches)	      0.5015
 Bytes To Memory	       56000
 ( / Demand Writes)	      0.6745
 Total Bytes r/w Mem	      557472
 ( / Demand Fetches)	      0.5575

---Execution complete.
